857823172
419653257
850127555
674616528
153080869
171099424
270577373
561304434
687188166
679964464
537074178
915122466
193552267
370427652
934008130
773359920
829887446
26160305
156944646
933715212
368524663
839684029
656557369
690700162
12919463
461742023
332354159
307206455
93081167
457754811
971020548
20800788
828932573
166178209
596440706
731509796
146228781
220776200
255223787
574438048
115428272
630673823
429047769
646964814
669235072
650907852
149670575
255837419
158039512
553056431
634187321
474932945
351092740
587496640
907948094
129774767
327195922
624116130
393292923
700426735
795557888
431835497
933424337
884566839
405333860
892891125
496661618
40586050
532391354
414198600
702684292
491610079
142465311
369350936
700797597
606649588
383084325
22897433
505890848
448118623
744323998
153458070
231588325
738359286
751181918
325571436
826178163
602996368
811155604
601664356
752174895
664744047
592532968
438453853
826433202
497489556
945820101
457288564
649638976
377068375
279993221
476174726
149738784
659670358
819634865
698031829
438587918
430065388
355445864
768749439
609370013
478600181
971301168
480161670
979703378
463124499
755303224
56348256
160634303
297247008
439396019
546370404
189937605
827016440
921277438
855463157
530671373
594666135
887384683
653690127
561732983
150424156
12822803
906474624
141821885
823633086
366517252
813099359
957127409
408365071
404303162
925300387
838795237
181671788
905352724
610919899
785695942
143525390
966158602
229106458
897487551
971848225
203133534
409567638
966127764
895492218
484979708
12543429
592000450
859198168
539781646
559180077
952017760
936115556
791199573
246355998
586278846
115854024
978783411
836781811
847623942
364254147
241060575
275098493
913993357
381789667
651617833
845520980
491088197
755966836
491553090
780076734
522485842
342449949
125496155
2791178
778200587
821664048
76747905
796657272
272807033
698415780
524289897
496576588
98730047
60494828
450106753
77178211
316122424
415669214
270524507
715568416
509490369
137784839
25304622
228079450
581707740
301033664
687485881
38690369
83030539
509572915
966349282
738919511
467781063
574199371
501337285
555774023
60449590
146386618
456609751
365700147
803936213
31586430
413559492
274446659
848980622
350527906
857737401
303188956
123570619
527420838
582256062
463372110
110796800
320616052
214173671
676371977
965219577
894984536
295058586
940954768
114354927
284808323
168504031
82773677
927029949
426358328
839167922
412086895
148037425
682634337
29042005
61976731
745879320
576949029
956473497
640043501
384944225
159001788
719609883
680922636
351205809
800428621
273966586
704643525
868656838
971040322
243996738
781187623
438049306
447388060
279176062
734100169
495766504
346415058
272594505
908088443
215368147
416525699
990762305
743885963
438832336
415776393
20145078
654380892
702474784
194322968
665721294
536486347
47221513
585621165
414511066
953477451
970189053
920548992
417384225
703228086
434232339
648688885
764561386
625053322
2349515
745377429
556244524
421561366
880489456
921210039
136642787
510885088
898916016
624988099
808207552
899778455
633034260
590380588
213490639
579295908
690552155
538858548
448853550
279871823
598917743
386965759
536457119
769496496
593512179
717284559
970883855
121325279
511833379
787580377
56135874
890108547
894809848
525686946
359043785
415741087
753378909
931841780
554737131
466735010
281608678
961449202
854323920
288348424
575746943
162946983
932200659
195892467
964335632
94016670
488490425
922630246
126296400
298373264
373297448
248990094
583847839
647694023
685935172
989620841
86084424
640632997
990668991
996842733
974262952
939751879
150827508
102521885
452619855
639710954
583498729
573986396
481214302
865211078
874019095
89152595
278535431
335836395
555450878
335851001
543023344
789821057
490470009
870828406
408619281
948851901
486001473
728657960
279829537
338906854
637777284
712671878
117896035
765027822
349298286
895411938
472574380
501312456
867365349
64552033
181640137
354938272
670554610
210774239
814471576
233590069
373122611
337679921
303906683
108210150
23826524
242632866
275974551
530715314
501191368
358043092
47642018
284503966
799057827
675019740
928666128
837243623
325010536
82730878
495442277
933707545
441144438
690604482
696663528
149396842
525971327
62273130
689275682
901965438
92553210
555349719
921222650
328614920
13593126
349681195
912017341
721847651
316171620
695739317
899468709
180278339
754729852
377359293
183318634
538076230
450577905
571655607
900946805
35026012
774523925
734891504
928803233
995064556
830565123
237796161
613391648
570145264
826347706
288912253
78452915
145192645
485508474
200237343
459018322
505985
797625827
716877870
372690022
809137657
111975257
665320227
684807602
908461610
913945089
405177528
115894944
903428703
78209174
