1032666597
1052978075
1067383055
1052052131
1065459000
1059879577
1061962103
1046057107
1058990779
1063696927
1072510021
976793719
1036233686
1047810218
1051261337
391003106
1067008585
1069364697
1054307541
1007127100
1069892511
1030349493
973887824
1071269907
1073508594
1064429249
1048072140
1046991184
1045461901
1064883482
1053084857
1061206357
1023742264
1034266392
1035033636
1038900108
1039402741
1071027417
1057446529
1046775993
1066062426
937088179
1048770938
1040372082
1033065713
1026090442
1047877528
1016654472
1062402289
1008688291
1003490735
1057956066
269838540
1064939538
1068114174
498196697
1072272950
1072513881
1004497631
1056374663
959187059
1068351870
536316086
1048050946
1071763822
1060524393
1057494291
1060188958
1047234822
1051167795
1068794441
1069417774
1072319540
1064989505
192336586
276665203
1070691925
1062358671
1071579304
1066973566
1069239268
1070673042
1067621931
456786067
1068986936
772181169
1067535337
1067577678
1069620600
1068040288
482746215
908686289
269565644
991658876
1040654926
967386634
1063816452
1056482965
1063599585
1060435304
