39
4
32
11
38
2
89
49
76
61
21
22
6
90
92
61
12
2
68
13
22
4
19
72
24
7
96
13
11
53
4
32
42
87
4
12
5
57
4
8
7
29
99
45
45
53
70
29
3
43
15
20
49
20
4
34
29
2
61
4
62
81
14
63
9
5
14
47
23
2
4
49
27
13
13
14
39
27
7
10
50
67
73
3
14
3
59
33
13
69
11
58
52
18
75
65
8
17
14
39
10329
2550550
824025
531442
164
117244
7109
167853
1036
165
382255
189877
16590
6962
28675
25978
2544
91
595
69650
643
8130
31
125
95457
4119425
358
48140
332
951667
173904
49
35
36
18906
3667
371366
104135
116
246
322962
9202348
8
148229
34377
1487
10
275
2479
168
5547788
6081
102489
91344
7795
26418
157
4239
1630479
75627
38773
5651
12576
13
857
927
12109
904
846
10
54
1413
33186
49860
22534
53
907
13
2315
1036
119998442
143831063
89888126
138699552
629532992
217624582
64756751
30535187
396306805
318296480
630736373
33304818
806022014
11944820
191040749
21094677
775718441
242444189
323658606
46250292
